<?xml version="1.0" encoding="UTF-8"?>
<testng-results ignored="0" total="2" passed="2" failed="0" skipped="0">
  <reporter-output>
  </reporter-output>
  <suite started-at="2023-11-04T15:30:43 IST" name="Default suite" finished-at="2023-11-04T15:30:44 IST" duration-ms="85">
    <groups>
    </groups>
    <test started-at="2023-11-04T15:30:43 IST" name="Default test" finished-at="2023-11-04T15:30:44 IST" duration-ms="85">
      <class name="TestNGPackage.Test4">
        <test-method is-config="true" signature="bSuite()[pri:0, instance:TestNGPackage.Test4@5d0bf09b]" started-at="2023-11-04T15:30:43 IST" name="bSuite" finished-at="2023-11-04T15:30:43 IST" duration-ms="13" status="PASS">
          <reporter-output>
          </reporter-output>
        </test-method> <!-- bSuite -->
        <test-method is-config="true" signature="bClass()[pri:0, instance:TestNGPackage.Test4@5d0bf09b]" started-at="2023-11-04T15:30:43 IST" name="bClass" finished-at="2023-11-04T15:30:43 IST" duration-ms="1" status="PASS">
          <reporter-output>
          </reporter-output>
        </test-method> <!-- bClass -->
        <test-method is-config="true" signature="bM()[pri:0, instance:TestNGPackage.Test4@5d0bf09b]" started-at="2023-11-04T15:30:44 IST" name="bM" finished-at="2023-11-04T15:30:44 IST" duration-ms="1" status="PASS">
          <reporter-output>
          </reporter-output>
        </test-method> <!-- bM -->
        <test-method signature="home()[pri:0, instance:TestNGPackage.Test4@5d0bf09b]" started-at="2023-11-04T15:30:44 IST" name="home" finished-at="2023-11-04T15:30:44 IST" duration-ms="15" status="PASS">
          <reporter-output>
          </reporter-output>
        </test-method> <!-- home -->
        <test-method is-config="true" signature="aM()[pri:0, instance:TestNGPackage.Test4@5d0bf09b]" started-at="2023-11-04T15:30:44 IST" name="aM" finished-at="2023-11-04T15:30:44 IST" duration-ms="0" status="PASS">
          <reporter-output>
          </reporter-output>
        </test-method> <!-- aM -->
        <test-method is-config="true" signature="bM()[pri:0, instance:TestNGPackage.Test4@5d0bf09b]" started-at="2023-11-04T15:30:44 IST" name="bM" finished-at="2023-11-04T15:30:44 IST" duration-ms="0" status="PASS">
          <reporter-output>
          </reporter-output>
        </test-method> <!-- bM -->
        <test-method signature="home1()[pri:0, instance:TestNGPackage.Test4@5d0bf09b]" started-at="2023-11-04T15:30:44 IST" name="home1" finished-at="2023-11-04T15:30:44 IST" duration-ms="2" status="PASS">
          <reporter-output>
          </reporter-output>
        </test-method> <!-- home1 -->
        <test-method is-config="true" signature="aM()[pri:0, instance:TestNGPackage.Test4@5d0bf09b]" started-at="2023-11-04T15:30:44 IST" name="aM" finished-at="2023-11-04T15:30:44 IST" duration-ms="2" status="PASS">
          <reporter-output>
          </reporter-output>
        </test-method> <!-- aM -->
        <test-method is-config="true" signature="aClass()[pri:0, instance:TestNGPackage.Test4@5d0bf09b]" started-at="2023-11-04T15:30:44 IST" name="aClass" finished-at="2023-11-04T15:30:44 IST" duration-ms="0" status="PASS">
          <reporter-output>
          </reporter-output>
        </test-method> <!-- aClass -->
        <test-method is-config="true" signature="aSuite()[pri:0, instance:TestNGPackage.Test4@5d0bf09b]" started-at="2023-11-04T15:30:44 IST" name="aSuite" finished-at="2023-11-04T15:30:44 IST" duration-ms="2" status="PASS">
          <reporter-output>
          </reporter-output>
        </test-method> <!-- aSuite -->
      </class> <!-- TestNGPackage.Test4 -->
    </test> <!-- Default test -->
  </suite> <!-- Default suite -->
</testng-results>
